
	\
                keys.append(f"{prefix}.{field.name}")\
                keys.append(field.name)\
                new_prefix = f"{prefix}.{field.name}"\
                new_prefix = field.name\
            else:\
            if prefix:\
            keys += get_json_keys(field.dataType, new_prefix)\
            keys += get_json_keys(field.dataType.elementType, new_prefix)\
        elif isinstance(field.dataType, ArrayType) and isinstance(field.dataType.elementType, StructType):\
        else:\
        if isinstance(field.dataType, StructType):\
    for field in schema.fields:\
    keys = []\
    ret
  "deb [arch=$(dpkg --print-architecture) signed-by=/etc/apt/keyrings/docker.asc] https://download.docker.com/linux/ubuntu \\
  $(. /etc/os-release && echo "$VERSION_CODENAME") stable" | \\
  sudo tee /etc/apt/sources.list.d/docker.list > /dev/null
"
"1970-01-01,ls,xyz" >> 19700101/csv.csv
$ $KAFKA_HOME/bin/kafka-console-consumer.sh --topic topic1 --from-beginning --bootstrap-server localhost:9092
$ sudo docker run -d -p 8282:8080 -e DYNAMIC_CONFIG_ENABLED=true --name AWS-KAFKA-UI provectuslabs/kafka-ui
$KAFKA_HOME
$KAFKA_HOME/bin/kafka-console-consumer.sh --topic topic1 --from-beginning --bootstrap-server localhost:9092
$KAFKA_HOME/bin/kafka-console-producer.sh --topic topic1 --from-beginning --bootstrap-server localhost:9092
$SPARK_HOME
../
../3/9
./
./_sudden.sh
./check.sh
./goaws.sh
./rootdir.sh
./rrrrr.sh
./sh.sh
./sleeptimer.sh
./ssh.sh
./st.sh
./sudden.sh
./sudeen.sh
./sv.sh
./zshrc
.git
/tmp/kafka-logs
/var/lib/kafka/data/
75.67:~/data/hahahellooo/
:wq
:~/data/hahahellooo
;
AIRFLOW_VERSION=2.9.3
AWS=ec2-43-201-37-254.ap-northeast-2.compute.amazonaws.com
CD ../logs
CONSTRAINT_URL="https://raw.githubusercontent.com/apache/airflow/constraints-${AIRFLOW_VERSION}/constraints-${PYTHON_VERSION}.txt"
DATE=$(date +"%Y%m%d %H:%M:%S")
DATE=$(date +"%Y%m%d")
IC_CONFIG_ENABLED=true --name LOCAL-KAFKA-UI-BROKER apache/kafka
IC_CONFIG_ENABLED=true --name LOCAL-KAFKA-UI-BROKER provectuslabs/kafka-ui
MYSQL=PWD='qwer123' mysql -u root < create_db_table.sql
MYSQL_PWD='qwer123' mysql -u root
MYSQL_PWD='qwer123' mysql -u root < abc.sql
MYSQL_PWD='qwer123' mysql -u root < create_db_table.sql
PS1="$ "
PYTHON_VERSION="$(python -c 'import sys; print(f"{sys.version_info.major}.{sys.version_info.minor}")')"
S="20240711 11:38:16,SUDDEN./sudden.sh./sudden.sh"
SET PASSWORD FOR 'root'@'localhost' = '12345';
SET PASSWORD FOR 'root'@'localhost' = 'qw123';
SET PASSWORD FOR 'root'@'localhost' = 'qwer123';
Switched to a new branch 'main'
Switched to branch 'main'
\
\\
air
airflow
airflow dags
airflow dags list
airflow history_2024071
airflow standalone
airflow variables
airflow variables export
airflow variables export variables.json
airflow variables list
airflow variables list -h
airs
airss
awk
awk '{prin $1 $2}'
awk '{print $1 $2}'
bash /home/hahahellooo/airflow/dags/check.sh  20240717
bash /home/hahahellooo/airflow/dags/check.sh 20240714
bash /home/hahahellooo/airflow/dags/check.sh 20240715
bash /home/hahahellooo/airflow/dags/check.sh 20240717
bash /home/hahahellooo/airflow/sh
bash /home/hahahellooo/airflow/sh/makedone.sh
bash /home/hahahellooo/airflow/sh/parquet.sh
bash /home/hahahellooo/airflow/sh/tmp2base.sh 2024-07-10
bash abcdefg.sh
bash csv2mysql.sh
bash produce_abcdefg.sh
bash tmp.sh /var/lib/mysql-files/csv.csv
bin/kafka-console-consumer.sh
bin/kafka-console-consumer.sh --topic abcdefg --from-beginning --bootstrap-server localhost:9092
bin/kafka-console-consumer.sh --topic topic1 --bootstrap -sever localhost:9092
bin/kafka-console-consumer.sh --topic topic1 --bootstrap-server localhost:9092
bin/kafka-console-consumer.sh config/server.properties
bin/kafka-console-consumer.sh stop
bin/kafka-console-consumer.sh topic topic1 --bootstrap-server localhost:9092
bin/kafka-console-producer.sh --topic abcdefg --bootstrap-server localhost:9092
bin/kafka-console-producer.sh --topic topic1 --bootstrap-server localhost:9092
bin/kafka-console-producer.sh config/server.properties
bin/kafka-dump-log.sh
bin/kafka-dump-log.sh --print-data-log
bin/kafka-dump-log.sh --print-data-log "mammamia"
bin/kafka-server-start.sh -daemon config/kafka.properties
bin/kafka-server-start.sh -daemon config/server.properties
bin/kafka-server-start.sh config/server.properties
bin/kafka-server-start.sh config/zookeeper.properties
bin/kafka-server-start.sh start
bin/kafka-server-stop.sh
bin/kafka-topics.sh --create --topic abcdefg --bootstrap-server localhost:9092
bin/kafka-topics.sh --create --topic quickstart-events --bootstrap-server localhost:9092
bin/kafka-topics.sh --describe --topic abcdefg --bootstrap-server localhost:9092
bin/kafka-topics.sh --describe --topic absdefg --bootstrap-server locdalhost:9092
bin/kafka-topics.sh --list --bootstrap-server localhost:9092
bin/zeppelin-daemon.sh
bin/zeppelin-daemon.sh start
bin/zeppelin-daemon.sh stop
bin/zookeeper-server-start.sh
bin/zookeeper-server-start.sh -daemon config/zookeeper.properties
bin/zookeeper-server-start.sh [-daemon] config/zookeeper.properties
bin/zookeeper-server-start.sh config/server.properties
bin/zookeeper-server-start.sh config/zookeeper.properties
bin/zookeeper-server-start.sh start
bin/zookeeper-server-stop.sh
bin/zookeper-server-start.sh [-daemon] config/zookeeper.properties
branch checkout 0.3/show-pic
branch checkout v1.9.0/BEN
branch v1.0.0/BEN
branch v1.9.0/BEN
c
call()
cat $ARIFLOW_HOME
cat .gitconfig
cat .gitignore | tail -1
cat .pdm-python
cat .pyproject.toml | grep version
cat .python-version
cat .zshrc | tail -n 2
cat /etc/os-release
cat /home/hahahellooo/airflow/dags/check.sh 
cat /home/hahahellooo/data/done/20240710/_DONE
cat /home/hahahellooo/data/done/20240714/_DONE
cat /home/hahahellooo/data/done/20240715/_DONE
cat /home/hahahellooo/data/done/20240716/_DONE
cat /home/hahahellooo/data/done/20240717/_DONE
cat /root/.my.cnf
cat 19700101/csv.csv
cat 20240710/csv.csv
cat 20240712/csv.csv | tail -n 3 > 20240710/csv.csv
cat README.md
cat abc.log
cat airflow-webserver.pid
cat count.log
cat count.log | awk '{print "2024-07-17"," $ 2"," $1}'
cat count.log | awk '{print "2024-07-17," $ 2 "," $1}' | tail -n 2
cat count.log | awk '{print "2024-07-17," $ 2"," $1}'
cat count.log | awk '{print "2024-07-17," $ 2"," $1}' | tail -n 2
cat count.log | awk '{print "2024-07-17," $2 " " $1}'
cat count.log | awk '{print "2024-07-17," $2 "," $1}'
cat count.log | awk '{print "2024-07-17," $2 "," $1}' | tail -n 2
cat count.log | awk '{print "2024-07-17/" $2 "/" $1}'
cat count.log | awk '{print $0 "/2024-07-17/" $2 "/" $1}'
cat count.log | awk '{print $1 $2}'
cat count.log | awk '{print $1","$2}'
cat count.log | awk '{print $1}' | tail -n 2
cat csv.csv
cat cut.log | sort > sort.log
cat dat.log
cat data/2023/01/01/data.log
cat date.log
cat err.log | grep SUDDEN > sudden-err.csv
cat hahahellooo.github.io
cat hahellooo.log
cat hahellooo.log | grep SUDDEN > sudden.csv
cat hahellooo.log | grep SUDDNE > sudden.csv
cat hahellooo.log | grep SUDDNE > sudden.log
cat hi.txt
cat history_20240712163554.log
cat history_20240712163554.log | cut -d' ' -f1
cat history_20240712163554.log | cut -d' ' -f1 > cut.log
cat history_20240712163554.log | cut -d' ' -f1 | sort | uniq -c | sort
cat history_20240712163554.log | wc -l
cat index.html
cat pyproject.toml
cat pyproject.toml| grep ver
cat sh.sh
cat sort.log | uniq -c > count.log
cat src/kchat/kafka/pd.py
cat ssh.sh
cat standalone_admin_password.txt
cat sudden-err.csv
cat sudden.csv
cat sudden.sh
cat sv.sh
cat tmp.sh
cat ~/.ssh/id_rsa_hahahellooo.pub
cat ~/.zshrc | grep ZSH_THEME
cat ~/.zshrc | grep ZSH_THEME | grep -v "#" ZSH_THEME="agnoster"
cat ~/data/count/20240717/count.log
cat ~/data/csv/20240710/csv.csv
cat ~/data/sort/20240717/sort.log
cat ~/data/sort/20240717/sort.log | uniq -c > count.log
ccat .pdm-python
cd
cd 
cd  key
cd $AIRFLOW_HOME
cd $AIRFLOW_HOME/dags
cd $AIRFLOW_HOME/logs
cd $KAFKA-HOME
cd $KAFKA_HOME
cd $KAFKA_HOME/logs
cd $airflow_home
cd ..
cd ..'\
cd .../
cd ../
cd ../...
cd ../../
cd ..//
cd ../3.12
cd ../3.9
cd ../3/9
cd ../logs
cd ./sh.sh
cd .ssh
cd /
cd /data/chat_data/chat_mam.parquet
cd /etc
cd /home/hahahellooo/code/kchat
cd /home/hahahellooo/tmp/sparkdata/movdata
cd /home/hahahellooo/tmp/sparkdata/movdata'
cd 1970-01-01
cd 19700101
cd 20240710
cd 20240717
cd 20240718
cd 3.11.9
cd 3.12
cd 3.9
cd DE32-2rd_team5
cd REQUIREMENTS.md
cd air
cd airflow
cd airflow sql
cd airflow/
cd airflow/dags
cd airflow/dags/
cd airflow/data
cd airflow/py
cd airflow/sh
cd airflow/sql
cd app
cd app/kafka_2.13-3.8.0
cd app/savehistory
cd app/zee
cd app/zeppelin
cd ariflow
cd banner_hahahellooo
cd chat
cd chat_data
cd check.sh
cd code
cd code/
cd code/data
cd code/haha_args_history
cd code/hahahellooo
cd code/hahahellooo.github.io
cd code/hahahellooo_lotto
cd code/hi_hahahellooo
cd code/io
cd code/kafka
cd code/kafka_pd
cd code/kchat
cd code/movdata
cd code/my_history
cd code/spark_flow
cd config
cd count
cd csv
cd cut
cd dag_processor_manager
cd dags
cd data
cd data/chat_data
cd data/chat_data/chat_mam.parquet
cd data/count/20240712
cd data/csv
cd data/done
cd data/done/import
cd data/movies_page
cd data/parquet
cd data/parquet/
cd date
cd dd
cd dhat
cd docker
cd done
cd down
cd dt=1970-01-01
cd envs
cd extract
cd fits2
cd gits2
cd gitstudy
cd haha_args_history
cd haha_history
cd hahahellooo.github.io
cd hahahellooo.github.io 
cd hahahellooo.github.io.b
cd hahahellooo_cmd
cd hahahellooo_lotto
cd hi_hahahellooo
cd hi_hellooo
cd history
cd history.parquet
cd home
cd import
cd import_db.py
cd k
cd kachat
cd kafka
cd kafka_2.13-3.8.0
cd kafka_pd
cd kchat
cd keey
cd key
cd main
cd make_parquet.py
cd mieun
cd mieun_cmd
cd mieun_mul
cd mijoon_cmd
cd mkdir my-streamlit
cd mov_agg
cd movdata
cd movie_data
cd movies_page
cd my-streamlit
cd my_history
cd my_history/src/my_history
cd mysql
cd ng
cd note
cd parque
cd parqueet
cd parquet
cd parquet_history
cd partition_parquet
cd pd
cd pj2
cd pj2/airflow
cd pj2/chat
cd pj2/chat/
cd prac_pd
cd py
cd pyspark
cd pyver
cd sakila
cd savehistory
cd savehistroy
cd server.log.2024-08-26-10
cd sh
cd sh.sh
cd spark
cd spark_flow
cd spark_flow/dags
cd spark_flp
cd sparkdata
cd sparkdata/movdata
cd sparksubmit
cd spyspark
cd sql
cd src
cd src/chat
cd src/chat/
cd src/hi_hahahellooo
cd src/my_history
cd src/my_history/
cd src/spark_flow
cd src/team_plus
cd sss_
cd sudden.sh
cd t_plus
cd team_plus
cd test
cd test_db
cd test_pyenv
cd testcount
cd tests
cd tmp
cd tmp.count
cd tmp/
cd tmp/count
cd tmp/docker
cd tmp/gits2
cd tmp/hahahellooo.github.io
cd tmp/history_log
cd tmp/sparkdata/movdata
cd tmp/test_pyenv/
cd year=2015
cd ~
cd ~/.pyenv/versions
cd ~/.ssh
cd ~/20240717
cd ~/app
cd ~/app/savehistory
cd ~/code
cd ~/code/my_history
cd ~/data/count/20240717/
cd ~/data/done/import
cd ~/sakila
cd ~/tmp
cd ~/tmp/spark
cd..
cdd tmp
chmod 400 sudden.sh
chmod 600 samdulko.pem
chmod 755 rootdir.sh
chmod 755 sh.sh
chmod 755 sleeptimer.sh
chmod 755 ssh.sh
chmod 755 sudden.sh
chmod 755 sv.sh
clear
cnt_
cnt_ 2
cnt_ a
code
cp
cp -rf 1970-01-01 1980-01-01
cp -rf 19700101 19800101
cp .zshrc .zshrc.240711.1
cp a.html b.html
cp chat_data.py movlist_data.py
cp check.sh makedone.sh
cp create_db_table.sql temp2base.sql
cp csv.csv /var/lib/mysql-files/
cp csv2mysql csv2mysql_
cp csv2mysql.sh csv2parquet.sh
cp csv2mysql.sh tmp2mysql.sh
cp de_app.py src/chat/de_app.py
cp dynamic_flat.py pasing_parquet.py
cp helloworld.py simple_bash.py
cp history_*.log tmp/history_log
cp history_20230712*.log 20240712
cp history_20240712*.log 20240712
cp history_20240712163554.log tmp/count
cp import_db.py make_parquet.py
cp improt_db.py make_parquet.py
cp kia.html hyundai.html
cp movie_join_df.py pasing_parquet.py
cp pasing_parquet.py select_parquet.py
cp pyspark_movie.py
cp pyspark_movie.py line_notify.py
cp src/chat/app.py de_app.py
cp src/chat/app.py src/chat/test_app.py
cp src/chat/app2.py src/chat/de_app2.py
cp src/kchat/__init__.py src/kchat/kafka/
cp sudden.log /var/lib/mysql-files/
cp time_alarm.py
cp time_alarm.py movielist.py
cp tmp.sh tmp.sh.b
cp ~/.oh-my-zsh/themes/agnoster.zsh-them 
cp ~/data/csv/20240717/csv.csv /var/lib/mysql-files/csv.csv
cp ~/key/err.log.gz .
crontab
crontab -e
crontab -l
crontab -l | tail -n 1
curl -X POST -H 'Authorization: Bearer UuAPZM7msPnFaJt5wXTUx34JqYKO7n3AUlLq4b3eyZ4' -F 'message=foobar' https://notify-api.line.me/api/notify
curl -o- https://raw.githubusercontent.com/nvm-sh/nvm/v0.40.0/install.sh | bash
curl -sL https://firebase.tools | bash
curl -sSL https://pdm-project.org/install-pdm.py | python3 -
curl https://pyenv.run | bash
dags
data
data;wc -l cut.log
date
date +"%Y"
date +"%Y%m%d"
date +"%d"
date +"%m"
date;sleep 1;date
date;sleep 2;date;sleep 2;date
ddd
deactivate
def get_json_keys(schema, prefix):\
dls
docker compose up -d
docker ps
docker pull provectuslabs/kafka-ui
docker run -it -p 8282:8080 -e DYNAMIC_CONFIG_ENABLED=true provectuslabs/kafka-ui
dpkg -l | grep mysql
ds main
du -skh
du -skh *
du -skh .venv
du -skhh *
echo
echo "# hahahellooo.github.io" >> README.md
echo "# savehistory" > README.md
echo "1970-01-01,ls,xyz" >> 19700101/csv.csv
echo "ABC"
echo "abc" > abc.log
echo "hi" > hi.txt
echo "hi2" >> hi.txt
echo "hi3" >> hi.txt
echo "hi3" >>> hi.txt
echo "root dir"
echo $?
echo $AIRFLOW_HOME
echo $AIRFLOW_VERSION=2.9.3
echo $AWS
echo $CONSTRAINT_URL="https://raw.githubusercontent.com/apache/airflow/constraints-${AIRFLOW_VERSION}/constraints-${PYTHON_VERSION}.txt"
echo $DATE
echo $PYTHON_VERSION="$(python -c 'import sys; print(f"{sys.version_info.major}.{sys.version_info.minor}")')"
echo $airfow_home
echo '[[ -d $PYENV_ROOT/bin ]] && export PATH="$PYENV_ROOT/bin:$PATH"' >> ~/.zshrc
echo 'eval "$(pyenv init -)"' >> ~/.zshrc
echo 'export PYENV_ROOT="$HOME/.pyenv"' >> ~/.zshrc
echo DATE
echo \\
eval "$(ssh-agent -s)"
exit
exit()
export LINE_NOTI_TOKEN=UuAPZM7msPnFaJt5wXTUx34JqYKO7n3AUlLq4b3eyZ4
figlet
figlet SUDDEN
figlet hi
for pkg in docker.io docker-doc docker-compose docker-compose-v2 podman-docker containerd runc; do sudo apt-get remove $pkg; done
ggit add .
gi checkout main
git
git  checkout main
git  sh.sh
git --commend
git --help
git --version
git add  . 
git add .
git add . 
git add README.md
git add hi.txt
git add index.html
git add.
git baranch
git branch
git branch 
git branch -
git branch -M main
git branch -a
git branch -d mej
git branch -m
git branch -m main
git branch -r
git branch -r 
git branch -t origin/release/v0.3.0
git branch 0.1.0/simple
git branch 0.2.0/args
git branch 0.2.0/publish
git branch 0.2/pd_cs
git branch 0.3.0/noti
git branch 0.3/chat
git branch 0.3/show-pic
git branch 0.4/multichat
git branch 0.5/docker
git branch 0.7.0/first-fucntion
git branch 0.8.0
git branch 0.8.0/hello
git branch 240719/2CSV
git branch 240719/2mysql
git branch 240829/fire
git branch 3.0.0/SUDDEN
git branch TEST
git branch abc
git branch checkout -
git branch checkout v1.9.0/BEN
git branch entry
git branch fix/6
git branch fix/6/3.0.1
git branch list
git branch main  
git branch mej
git branch movlist
git branch v0.2.0/first-publish
git branch v0.2.0/mieun
git branch v0.3.0/me
git branch v0.3.0/mieun
git branch v1.4.0/KIA
git branch v1.5.0/HYUNDAI
git branch v1.6.0/posh
git branch v1.7.0/MACLAREN
git branch v1.8.0/ROYCE
git branch v1.9.0/BEN
git branch v2.1.0/a
git branch v2.2.0/b
git checkotu meh
git checkour fix/6
git checkout
git checkout 
git checkout -
git checkout - 
git checkout -b v1.4.0/KIA
git checkout -t origin/release/v0.3.0
git checkout 0.1.0/simple
git checkout 0.2.0/args
git checkout 0.2.0/publish
git checkout 0.2/pd_cs
git checkout 0.3.0/noti
git checkout 0.3/chat
git checkout 0.3/show-pic
git checkout 0.4/multichat
git checkout 0.5/docker
git checkout 0.7.0/first-fucntion
git checkout 240719/2CSV
git checkout 240719/2mysql
git checkout 240829/fire
git checkout 3.0.0/SUDDEN
git checkout 50duck
git checkout TEST
git checkout abc
git checkout airflow/kwj
git checkout entry
git checkout fix/6
git checkout fix/6/3.0/1
git checkout kwj/practive/donttouch
git checkout kwj/practive/donttouch 
git checkout main
git checkout mej
git checkout movlist
git checkout origin/release/v0.3.0
git checkout release/0.2.0
git checkout release/v0.3.0
git checkout v0.2.0/first-publish
git checkout v0.2.0/mieun
git checkout v0.2.0/mieun 
git checkout v0.3.0/me
git checkout v0.3.0/mieun
git checkout v1.4.0/KIA
git checkout v1.5.0/HYUNDAI
git checkout v1.6.0/posh
git checkout v1.7.0/MACLAREN
git checkout v1.8.0/ROYCE
git checkout v1.9.0/BEN
git checkout v2.1.0/a
git checkout v2.2.0//b
git checkout v2.2.0/b
git checkput fix/6/3.0.1
git checkput v1.4.0/KIA
git chekcout -
git chekcout entry
git clone git@github.com:hahahellooo/hahahellooo.github.io.git
git clone git@github.com:hahahellooo/savehistory.git
git clone git@github.com:mammamia5/airflow.git
git clone git@github.com:mammamia5/chat.git
git clone git@github.com:pladata-encore/DE32-2rd_team5.git
git clone https://github.com/Kimwonjoon/mijoon_cmd.git
git clone https://github.com/datacharmer/test_db.git
git clone https://github.com/hahahellooo/banner_hahahellooo.git
git clone https://github.com/hahahellooo/hahahellooo.github.io.git
git commit
git commit - "show-lotto"
git commit --amend
git commit --ammend
git commit -a
git commit -ammend
git commit -m
git commit -m  "add tool"
git commit -m  "init"
git commit -m ""
git commit -m "."
git commit -m ".venv"
git commit -m "0.2.0"
git commit -m "0.2.1"
git commit -m "0.2.2"
git commit -m "0.2.3"
git commit -m "0.2.4"
git commit -m "0.2.5"
git commit -m "0.3.0"
git commit -m "0.3.1"
git commit -m "0.4.0"
git commit -m "0.7.0/first-fucntion"
git commit -m "2tmp"
git commit -m "3.9"
git commit -m "3ì´ƒ¨íƒ¹ƒµìƒ½¸"
git commit -m "AAAA"
git commit -m "ALL DONE"
git commit -m "DONE"
git commit -m "MACLAREN"
git commit -m "a"
git commit -m "abc"
git commit -m "add README"
git commit -m "add b"
git commit -m "add chatting program"
git commit -m "add datetime"
git commit -m "add dev test"
git commit -m "add file"
git commit -m "add firebase JS SDK"
git commit -m "add fun"
git commit -m "add github url"
git commit -m "add giti"
git commit -m "add hello"
git commit -m "add html"
git commit -m "add index.html"
git commit -m "add line"
git commit -m "add lotto"
git commit -m "add message"
git commit -m "add mkdir"
git commit -m "add multichat code"
git commit -m "add rm"
git commit -m "add test lib"
git commit -m "add urls"
git commit -m "banner.py"
git commit -m "branch mej"
git commit -m "change Header"
git commit -m "change color"
git commit -m "change dt format"
git commit -m "change name"
git commit -m "change publish key"
git commit -m "change toml"
git commit -m "change username"
git commit -m "change ver"
git commit -m "change"
git commit -m "cmd"
git commit -m "connect with docker:8484"
git commit -m "consumer chat"
git commit -m "create R.md"
git commit -m "customer"
git commit -m "d"
git commit -m "deco chat program"
git commit -m "deco chat"
git commit -m "deco"
git commit -m "del data"
git commit -m "del data\
git commit -m "del"
git commit -m "del\
git commit -m "delete de_app2.py"
git commit -m "done dynamic_json"
git commit -m "done"
git commit -m "download data"
git commit -m "ec2 chatting program"
git commit -m "enable_auto_commit by group"
git commit -m "export variables"
git commit -m "first commit"
git commit -m "fix date"
git commit -m "fix exit"
git commit -m "git  -> install"
git commit -m "init"
git commit -m "k"
git commit -m "line_noti"
git commit -m "lotto image"
git commit -m "lotto"
git commit -m "lotto_"
git commit -m "mammamia10\
git commit -m "mieun_add"
git commit -m "mieun_plus"
git commit -m "mmmm"
git commit -m "mod"
git commit -m "modi readme"
git commit -m "modified"
git commit -m "need to add more"
git commit -m "need to fix\
git commit -m "offset.txt"
git commit -m "oì¶ƒ´ê°€"
git commit -m "pdm add"
git commit -m "pdm init"
git commit -m "pdm install"
git commit -m "pic lotto"
git commit -m "pic"
git commit -m "plus"
git commit -m "projectscripts"
git commit -m "publish"
git commit -m "pytest"
git commit -m "python test done"
git commit -m "readme ë³€ê²½"
git commit -m "real done"
git commit -m "return2origin"
git commit -m "run script"
git commit -m "senderìƒ€ƒµë¯¸ìƒ½€"
git commit -m "show-lotto"
git commit -m "sss_add"
git commit -m "syntex fix"
git commit -m "sys"
git commit -m "t_plus"
git commit -m "tesk ok"
git commit -m "test ok"
git commit -m "test tqdm"
git commit -m "test_app"
git commit -m "up ver"
git commit -m "up version"
git commit -m "usage ë³€ê²½"
git commit -m "v1.0.0"
git commit -m "ê°€ìƒ¦ƒ­->ë°ƒ¼ì§ƒ¤"
git commit -m "ê¸ƒ©ë°ƒ¼ì§ƒ¤ ë°©ìƒ¶´ ê¸°ëƒª¥"
git commit -m "ë‚ƒ€ì§ƒ¼"
git commit -m "ëƒƒ¼ê³ƒ€ ìƒ¨ƒ¸ìƒ€ƒµ"
git commit -m "ëƒƒ¼ê³ƒ€"
git commit -m "ëƒ¤ìƒª¤ëƒƒ¼ìƒ½´ìƒª¤"
git commit -m "ì‚­ìƒ€ƒ¼ ì¶ƒ´ê°€"
git commit -m "ìƒ¨ƒ¸ìƒ€ƒµ"
git commit -m "ìƒ¨ƒ¸ìƒ€ƒµíƒ¶ƒ¨ãƒ¥ƒ¥ë¸ƒ¼ëƒ«¤"
git commit -m "ìƒ¨ƒ¸ìƒ€ƒµíƒ¶ƒ¨ìƒªµëƒ«ƒ¨ëƒ«¤."
git commit -m "íƒ¯¬ë¥´ìƒ©ƒ°"
git commit -m 'cnt'
git commit -n "0.2.5"
git commit-m "t_plus"
git commti -m "deco chat program"
git config --global core.editor "vim"
git config --global init.defaultBranch main
git config --global user.email "hahahello777@gmail.com"
git config --global user.name "hahahellooo"
git config pull.rebase false
git init
git log
git publish
git pull
git push
git push --set-upstream origin 0.2.0/args
git push --set-upstream origin 0.2.0/publish
git push --set-upstream origin 0.2/pd_cs
git push --set-upstream origin 0.3.0/noti
git push --set-upstream origin 0.3/chat
git push --set-upstream origin 0.3/show-pic
git push --set-upstream origin 0.4/multichat
git push --set-upstream origin 0.5/docker
git push --set-upstream origin 0.7.0/first-fucntion
git push --set-upstream origin 240719/2CSV
git push --set-upstream origin 240719/2mysql
git push --set-upstream origin 240829/fire
git push --set-upstream origin 3.0.0/SUDDEN
git push --set-upstream origin abc
git push --set-upstream origin entry
git push --set-upstream origin fix/6
git push --set-upstream origin main
git push --set-upstream origin mej
git push --set-upstream origin v0.2.0/first-publish
git push --set-upstream origin v0.2.0/mieun
git push --set-upstream origin v0.3.0/me
git push --set-upstream origin v1.4.0/KIA
git push --set-upstream origin v1.5.0/HYUNDAI
git push --set-upstream origin v1.6.0/posh
git push --set-upstream origin v1.7.0/MACLAREN
git push --set-upstream origin v1.8.0/ROYCE
git push --set-upstream origin v1.9.0/BEN
git push --set-upstream origin v2.2.0/b
git push -f
git push -u origin main
git remote 
git remote -v
git remote add git@github.com:hahahellooo
git remote add https://github.com/hahahellooo/hahahellooo.github.io.git
git remote add origin git@github.com:hahahellooo/airflow_standalone.git
git remote add origin git@github.com:hahahellooo/banner_hahahellooo.git
git remote add origin git@github.com:hahahellooo/cmd.git
git remote add origin git@github.com:hahahellooo/cnt.git
git remote add origin git@github.com:hahahellooo/dd.git
git remote add origin git@github.com:hahahellooo/haha_args_history.git
git remote add origin git@github.com:hahahellooo/hahahellooo.github.io.git
git remote add origin git@github.com:hahahellooo/hahahellooo_lotto.git
git remote add origin git@github.com:hahahellooo/kchat.git
git remote add origin git@github.com:hahahellooo/mieun.git
git remote add origin git@github.com:hahahellooo/mieun_mul.git
git remote add origin git@github.com:hahahellooo/pdm.lock.git
git remote add origin git@github.com:hahahellooo/savehistory.git
git remote add origin git@github.com:hahahellooo/sss.git
git remote add origin git@github.com:hahahellooo/t_plus.git
git remote add origin git@github.com:hahahellooo/t_plus_.git
git remote add origin git@github.com:hahahellooo/team_plus.git
git remote add origin hahahellooo/git@github.com:hahahellooo
git remote update
git restore
git rm  hahahellooo.github.io
git rm --cached hahahellooo.github.io
git rm -f --cached hahahellooo.github.io
git rm -rf chat
git rm hahahellooo.github.io
git starus
git status
git staus
git ull
grep -r "hahahellooo" .
grep -r "hahahellooo" ./*
grep -r "hahahellooo" ./data
grep -r "hahahellooo" ./data/2023/
gzip -d err.log.gz
gzip -d hahellooo.log.gz
gzip hahahellooo.log
haha-history
haha-history 1
haha-history a
haha-history aws
haha-history sh
haha-l
hahahello-banner
hahahellooo-banner
hahahellooo-lotto
hahahellooo-pic
hahahellooo_cmd
hahahellooo_lotto
hello
hi
hi()
hi-hahahellooo
hi-l
hi_hahahellooo
hi_l
history
history | cut -d' ' -f4-
history | cut -d' ' -f4- | sort
history | cut -d' ' -f4- | sort | uniq
history | grep "airflow s"
history | grep "airflow s\
history | grep docker
history | grep mysql
history | grep ssh
htop
ifconfig
install crontab
ipi install .
j[s
java -version
jjps
jps
jupyter notebook
kchat-ping
kchatping
kill 10525
kill 10528
kill 157539 161587 161995 158494
kill 172335
kill 2245
kill 2296
kill 2298
kill 2299
kill 2301
kill 269056 269656
kill 54981
ks
l
libbz2-dev libreadline-dev libsqlite3-dev curl git \\
libncursesw5-dev xz-utils tk-dev libxml2-dev libxmlsec1-dev libffi-dev liblzma-dev
list
ll
lls
ln -s savehistory savehistory~
ln -s tmp/sleeptimer.sh st.sh
ln -s ~/code/savehistroy savehistory
ln -s ~/code/savehistroy/sv.sh sv.sh
ln -s ~code/savehistory savehistory_
lotto
lotto()
ls
ls 
ls - l
ls -a
ls -a .venv
ls -al
ls -l
ls -l _DONE
ls -l rootdir.sh
ls -l st.sh
ls -l sudden.sh
ls -l tmp/sleeptimer.sh
ls -la
ls -lh hahahellooo.log
ls -ll
ls -ltr
ls -ltr | tail -n 3
ls .venv
ls /var/lib/mysql-files/csv.csv
ls-l
ls. venv
man uniq
me_history
mieun
mieun-p
mieun_mul
mieun_p
mkdir -p 20240710
mkdir -p a/b/c/d
mkdir -p data/2021/01/01
mkdir -p data/2022/01/01
mkdir -p data/2023/01/01
mkdir -p data/2024/01/01
mkdir -p make_parquet.py
mkdir -p parquet
mkdir -p pd
mkdir -p py
mkdir -p sh
mkdir -p tmp/count
mkdir -p tmp/history_log
mkdir -p ~/code/my_history
mkdir 1970-01-01
mkdir 197001001;echo "1970-01-01,pwd,1" >> 19700101/csv.csv
mkdir 19700101;echo "1970-01-01,pwd,1" >> 19700101/csv.csv
mkdir 20240710
mkdir 20240712
mkdir 20240717
mkdir 3.12
mkdir 3.9
mkdir REQUIREMENTS.md
mkdir _sudden.sh
mkdir a
mkdir a/b
mkdir a/b/c
mkdir app
mkdir b
mkdir banner_hahahellooo
mkdir bin
mkdir c
mkdir chat_data
mkdir dags
mkdir dd
mkdir docker
mkdir done
mkdir down
mkdir gits2
mkdir gitstudy
mkdir haha_args_history
mkdir haha_history
mkdir hahahellooo.github.io
mkdir hahahellooo_cmd
mkdir hahahellooo_lotto
mkdir hi_hahahellooo
mkdir history
mkdir hql
mkdir kafka
mkdir kafka_pd
mkdir kchat
mkdir log
mkdir make_parquet.py
mkdir mieun
mkdir mieun_cmd
mkdir mieun_mul
mkdir mijoon_cmd
mkdir movdata
mkdir my-streamlit
mkdir my_history
mkdir note
mkdir parquet
mkdir parquet_history
mkdir pj2
mkdir py
mkdir pyver
mkdir savehistory
mkdir savehistroy
mkdir sh
mkdir sql
mkdir src
mkdir src/kchat/kafka
mkdir sss_
mkdir t_plus
mkdir team_plus
mkdir test_pyenv
mkdir testcount
mkdir ~/.ssh
mkdir ~/data
mkidr 3.12
mv *.log tmp
mv ../t_plus.py src/team_plus/
mv 1970-01-01 ~/csv/19700101
mv dd team_plus
mv first.sh tmp
mv hahahellooo.github.io hahahellooo.github.io.b
mv kafka_2.13-3.8.0 ~/app
mv key/* .
mv savehistory tmp/
mv src/t_plus/t_plus.py ../
mv st.sh tmp
mv tmp2mysql.sh tmp2base.sh
my-history
my-history -c 10
my-history -c 10 -v abc
my-history -h
my-history -s ls
my-history a
my-history abc
my-history abc -c 10 -v
mysql -u root -p
mysql -u root -p < employees.sql
mysql -u root -p < employees_partitioned.sql
mysql -u root -p < sakila-mv-data.sql
mysql -u root -p < sakila-mv-schema.sql
nib
node -v
npm install -g firebase-tools
o
p
p()
pdm
pdm add 
pdm add  pandas
pdm add -dG pytest
pdm add -dG test pytest pytest-cov
pdm add hahahellooo_cmd
pdm add kafka-python
pdm add mieun
pdm add mieun_mul
pdm add pyfiglet
pdm add textual
pdm add tqdm
pdm ctest
pdm giti
pdm gitinstall
pdm init
pdm install
pdm install 
pdm install .
pdm install pandas
pdm install textual
pdm list
pdm publish
pdm push
pdm stest
pdm test
pdm venv create
pdm venv creeate
pdm venvoff
pip instal .
pip install
pip install "apache-airflow==${AIRFLOW_VERSION}" --constraint "${CONSTRAINT_URL}"
pip install --upgrade kafka-python
pip install --upgrade pip
pip install --upgrade rich
pip install .
pip install banner_hahahellooo==0.3.1
pip install banner_minju210
pip install git+https://github.com/hahahellooo/haha_args_history.git
pip install git+https://github.com/hahahellooo/haha_args_history.git/haha_args_history.git
pip install git+https://github.com/hahahellooo/haha_args_history.git/haha_args_history.git@0.2.0/args
pip install git+https://github.com/hahahellooo/haha_args_history.git@0.2.0/args
pip install git@github.com:hahahellooo/haha_args_history.git
pip install hahahellooo_cmd
pip install hahahellooo_lotto
pip install hi_baechu805
pip install hi_hahahellooo
pip install hi_hahahellooo==0.7.0
pip install hi_jeong
pip install hi_lsiwh37249
pip install kafka
pip install mieun
pip install mieun_mul
pip install mijoon_cmd
pip install mijoon_cmd==0.3.0
pip install notebook
pip install pandas
pip install pyarrow
pip install pyfiglet
pip install rich
pip install streamlit
pip install team_cmd
pip install textual
pip lis
pip list
pip list | grep haha
pip tree
pip uninstall hahahellooo_cmd
pip uninstall hahahellooo_cmd hahahellooo_lotto
pip uninstall hi_baechu805 hi_jeong hi_lsiwh37249
pip uninstall team_calculate team_cmd
pip versions
plus
plus()
pmd init
pmd install
pmd publish
ps
ps -ef
ps -ef | grep airflow
ps -ep
pwd
pwdfigle
pyenv
pyenv  versions
pyenv --version
pyenv -V
pyenv -v
pyenv global
pyenv global  air
pyenv global 3.11
pyenv global 3.11.9
pyenv global 3.12.4
pyenv global 3.8.19
pyenv global 3.9.19
pyenv global air
pyenv global airs
pyenv global eee
pyenv global empty
pyenv global note
pyenv global p11
pyenv global versions
pyenv install - l | grep '..3.12' 
pyenv install - l | grep '^..3.12' | tail -n 3
pyenv install -l
pyenv install -l | cut -d' ' -f3 | grep '^3.'
pyenv install -l | cut -d' ' -f3 | grep '^3.9'
pyenv install -l | cut -d' ' -f3 | grep '^3.9' tail -n 3
pyenv install -l | cut -d' ' -f3 | grep '^3.9' | tail -n 3
pyenv install -l | grep '^..3.12' | tail -n 3
pyenv install 3.11.9
pyenv install 3.12.4
pyenv install 3.8.19
pyenv install 3.9.19
pyenv list
pyenv local 3.12
pyenv local 3.12.4
pyenv local 3.9
pyenv local 3.9.12
pyenv local 3.9.19
pyenv nersions
pyenv shell 3.11
pyenv shell 3.11.9
pyenv shell 3.12
pyenv shell 3.12.4
pyenv shell 3.9.19
pyenv shell air
pyenv shell airfs
pyenv shell airs
pyenv shell n11
pyenv shell note
pyenv shell s11
pyenv status
pyenv uninstall p11
pyenv version
pyenv versions
pyenv virtualenv 3.11.9 air
pyenv virtualenv 3.11.9 airs
pyenv virtualenv 3.11.9 eee
pyenv virtualenv 3.11.9 empty
pyenv virtualenv 3.11.9 note
pyenv virtualenv 3.11.9 p11
pyenv virtualenv 3.11.9 s11
pyenv virtualenv status
pyevn viersions
pynv versions
pytest
pytest 
pythob simple_bash.py
python
python 
python  simple_bash.py
python -V
python -m pip install --upgrade pip
python -v
python arg.py
python arg.py 1 2
python import_db.py
python make_parquet.py
python name.py
python pd.py
python simple_bash.py
python src/chat/app.py
python src/chat/app2.py
python src/chat/de_app2.py
python src/chat/mj_app.py
python src/chat/movie_search.py
python src/chat/name.py
python src/chat/search.py
python src/chat/test_app.py
python src/haha_history/cli.py
python src/kchat/kafka/cs.py
python src/kchat/kafka/cs.pyq
python src/kchat/kafka/cschat.py
python src/kchat/kafka/multichat.py
python src/kchat/kafka/pd.py
python src/kchat/kafka/pdchat.py
pythons src/chat/mj_app.py
rm *
rm *.swp
rm -f 'history_20240711 18:44:56.log'
rm -f history_2407111725.log
rm -fr index.txt
rm -r /home/hahahellooo/.oh-my-zsh
rm -r code
rm -r key
rm -r mieun
rm -r pd
rm -r prac_pd
rm -r tmp
rm -rf
rm -rf *
rm -rf .a.html.un\~
rm -rf .git
rm -rf .index.html.un\~
rm -rf .venv
rm -rf 1970-01-01
rm -rf 19700101
rm -rf 2024071*
rm -rf REQUIREMENTS.md
rm -rf _DONE
rm -rf airflow
rm -rf chat
rm -rf cli.py
rm -rf csv2mysql.sh
rm -rf csv2parquet.sh
rm -rf dags
rm -rf dd
rm -rf de_app.py
rm -rf down
rm -rf dwon
rm -rf dynamic_flat.py
rm -rf eam_plus
rm -rf git hahahellooo.github.io
rm -rf git_test
rm -rf hahahellooo
rm -rf hahahellooo_cmd hahahellooo_cmd mieun_mul
rm -rf history_*
rm -rf histroy_*
rm -rf index.html~
rm -rf make_parquet.py
rm -rf mieun mieun_cmd
rm -rf mijoon_cmd
rm -rf movielist.py
rm -rf prac_pd
rm -rf savestory
rm -rf src/chat/de_app2.py
rm -rf ssh.sh
rm -rf sss_
rm -rf t_plus
rm -rf team_chat.csv
rm -rf team_plus
rm -rf wsl.conf.swo
rm .README.md.un\~
rm .README.md.un~ README.md ferrari.html index.html~
rm .index.html.un\~
rm .index.txt.un\~
rm README.md~
rm REQUIREMENTS.md
rm _HAHA
rm _SUDDEN
rm abc.log
rm b.bbb
rm be.html
rm data/2023/01/01/data.log
rm ferrari.html
rm index.html
rm index.html\~
rm index.html~
rm mieun
rm prac_pd
rm rf history_20240827102310.log
rm ~/.vimrc
rm- rf mijoon_cmd
savehistory
scp -i k.pem ubuntu@$AWS:~/err.log.gz
scp -i k.pem ubuntu@$AWS:~/err.log.gz .
scp -i k.pem ~/tmp/history_log.tar.gz ubuntu@3.35.175.67:~/data/hahahellooo/
scp -i k.pem ~/tmp/history_log.tar.gz ubuntu@3.35.1\
scp -i samdulko.pem _HAHA ubuntu@$AWS:~/
scp -i samdulko.pem ubuntu@$AWS:/home/ubuntu/app/hahahellooo.github.io/*.gz .
scp -i samdulko.pem ubuntu@$AWS:/home/ubuntu/app/hahahellooo.github.io/hahellooo.log.gz .
scp -i samdulko.pem ubuntu@$AWS:~/ _HAHA .
scp -i samdulko.pem ubuntu@$AWS:~/_HAHA .
scp -i samdulko.pem ubuntu@$AWS:~/err.log.gz
scp -i samdulko.pem ubuntu@ec2-43-201-37-254.ap-northeast-2.compute.amazonaws.com:~/err.log.gz .
scp -i samdulko.pem ~/tmp/history_log.tar.gz ubuntu@3.35.175.67:~/data/dmario24/
scp -i samdulko.pem ~/tmp/history_log.tar.gz ubuntu@3.35.175.67:~/data/hahahellooo/
scp -i samdulko.pem ~/tmp/history_log.tar.gz ubuntu@3.35.175.67\
sh -c "$(curl -fsSL https://raw.githubusercontent.com/ohmyzsh/ohmyzsh/master/tools/install.sh)"
sh sudden.sh
show-banner
show-hahahellooo
show-lotto
show-pic
sourcd .venv/bin/activate
source
source ./zshrc
source .venv/bin/activate
source .zshrc
source /.zshrc
source ~/.zhsrc
source ~/.zshrc
src
src/banner_hahahellooo/banner.py
src/chat/app.py
src/kchat/kafka/cschat.py
ssh -i samdulko.pem ubuntu@$AWS
ssh -i samdulko.pem ubuntu@13.124.235.32
ssh -i samdulko.pem ubuntu@13.125.118.73
ssh -i samdulko.pem ubuntu@ec2-43-201-37-254.ap-northeast-2.compute.amazonaws.com
ssh -i samdulko.pem@13.124.235.32
ssh-add ~/.ssh/id_rsa_hahahellooo
ssh-keygen -t rsa -C "hahahello777@gmail.com" -f "id_rsa_hahahellooo"
ssj -i samdulko.pem ubuntu@13.125.118.73
stest
streamlit hello
sudo apt install figlet
sudo apt install gcc
sudo apt install htop
sudo apt install libedit-dev
sudo apt install make
sudo apt install mysql-server
sudo apt install nodejs npm
sudo apt install telnet
sudo apt install zsh
sudo apt remove mysql-server
sudo apt update; sudo apt install build-essential libssl-dev zlib1g-dev \\
sudo apt-get install ca-certificates curl
sudo apt-get install docker-ce docker-ce-cli containerd.io docker-buildx-plugin docker-compose-plugin
sudo apt-get update
sudo chmod a+r /etc/apt/keyrings/docker.asc
sudo cp /etc/mysql/my.cnf ~/tmp
sudo cp csv.csv /var/lib/mysql-files
sudo cp csv.csv /var/lib/mysql-files/
sudo cp sudden-err.csv /var/lib/mysql-files
sudo cp sudden.csv /var/lib/mysql-files/
sudo cp sudden.log /var/lib/mysql-files/
sudo cp ~/data/csv/20240717/csv.csv /var/lib/mysql-files/csv.csv
sudo curl -fsSL https://download.docker.com/linux/ubuntu/gpg -o /etc/apt/keyrings/docker.asc
sudo docker -rmi b610bd8a193a 99307ab28a49
sudo docker LOCAL-KAFKA-UI
sudo docker compose down
sudo docker compose ps
sudo docker compose start
sudo docker compose stop
sudo docker compose up -d
sudo docker exec -it LOCAL-KAFKA-UI-2
sudo docker exec -it LOCAL-KAFKA-UI-2 sh
sudo docker exec -it ac1506513f15 sh
sudo docker images
sudo docker images provectuslabs/kafka-ui:v0.7.2
sudo docker log  LOCAL-KAFKA-UI
sudo docker log -f LOCAL-KAFKA-UI
sudo docker logs LOCAL-KAFKA-UI
sudo docker ps
sudo docker ps -a
sudo docker ps -a -q
sudo docker pull provectuslabs/kafka-ui
sudo docker pull provectuslabs/kafka-ui:v0.7.1
sudo docker pull provectuslabs/kafka-ui:v0.7.2
sudo docker rm $(sudo docker ps -a -q)
sudo docker rm 8f38874fbf21
sudo docker rm 9310d005c143
sudo docker rm ac1506513f15 17180a48b1b7 1a774c31d8ef 8f38874fbf21
sudo docker rm optimist
sudo docker rmi 8f38874fbf21
sudo docker rmi 99307ab28a49
sudo docker rmi b610bd8a193a
sudo docker rmi b610bd8a193a 99307ab28a49
sudo docker rmi provectuslabs/kafka-ui:v0.7.1
sudo docker rmi provectuslabs/kafka-ui:v0.7.2
sudo docker run -d -p 8282:8080 -e DYNAMIC_CONFIG_ENABLED=true --name AWS-KAFKA-UI provectuslabs/kafka-ui
sudo docker run -d -p 8383:8080 -e DYNAMIC_CONFIG_ENABLED=true --name LOCAL-KAFKA-UI provectuslabs/kafka-ui
sudo docker run -d -p 8484:8080 -e DYNAMIC_CONFIG_ENABLED=true --name LOCAL-KAFKA-UI-2 provectuslabs/kafka-ui
sudo docker run -d -p 8585:8080 -e DYNAM\
sudo docker run -it -p 8282:8080 -e DYNAMIC_CONFIG_ENABLED=true provectuslabs/kafka-ui
sudo docker start AWS-KAFKA-UI
sudo docker start LOCAL-KAFKA-UI
sudo docker start LOCAL-KAFKA-UI-2
sudo docker stop AWS-KAFKA-UI
sudo docker stop LOCAL-KAFKA-UI
sudo docker stop ac1506513f15 17180a48b1b7 1a774c31d8ef 8f38874fbf21
sudo docker stop recursing_shamir
sudo exec -it
sudo install -m 0755 -d /etc/apt/keyrings
sudo ls /var/lib/mysql-files
sudo ls /var/lib/mysql-files/csv.csv
sudo mysql -u root -p mysql
sudo npm install -g firebase-tools
sudo service cron start
sudo service mysql
sudo service mysql restart
sudo service mysql start
sudo service mysql status
sudo service mysql stop
sudo service restart
sudo vi /etc/mysql/my.cnf
sudo vi /var/lib/mysql-files/csv.csv
sudo vi my.cnf
sudo view /var/lib/mysql-files/csv.csv
sv.sh
swithced to branch 'main'
t_sum 1 5
tail -f
tail -f dag_processor_manager.log | grep hello
tail -f hahahellooo.log
tail -n 1 ~/.ashrc
tail -n 1 ~/.zshrc
tail -n 2 history_20240712163554.log
tail -n 4 ~/.zshrc
tail -n 5 count.log
tail -n ` ~/.zshrc
tar - xvf kafka_2.13-3.8.0.tgz
tar -cvf history_log.tar history_log
tar -czvf history_log.tar.gz history_log
tar -xvf kafka_2.13-3.8.0.tgz
telnet localhost 3306
ti tmp.sh
tmp
top
toucch _DONE
toucch _SUDDEN
touch "haha" > data/2023/01/01/data.log
touch "hahahellooo" > data/2023/01/01/data.log
touch README.md
touch _DONE
touch _HAHA
touch _SUDDEN
touch a/b/c/d//tmp.txt
touch aws.pem
touch ~/tmp
touch ~/tmp/_SUDDEN
tree
tree done
tstory
uniq
vi 
vi  makedone.sh
vi  ssh.sh
vi $KAFKA_HOME/config/server.properties
vi 'history_20240711 18:44:56.log'
vi ../sh
vi .git
vi .git/config
vi .gitignore
vi .zshrc
vi .zsrhc
vi /etc/hosts
vi /etc/my.cnf
vi /etc/resolv.conf
vi 19800101/csv.csv
vi 20240710
vi 20240712
vi 20240717
vi MACLAREN.html
vi README.md
vi ROYCE.html
vi _DONE
vi _SUDDEN
vi _sudden.sh
vi a.html
vi abc.log
vi abcdefg.csv
vi airflow/py/csv2parquet.py
vi app.py
vi app3.py
vi arg.py
vi b.bbb
vi b.html
vi be.html
vi ben.html
vi chat_da
vi chat_dags.py
vi chat_data.py
vi check.sh
vi chek
vi cli.py
vi config/server.properties
vi create_db_table.sql
vi csv.csv
vi csv2mysql
vi csv2mysql.sh
vi csv2parquet.py
vi csv2parquet.sh
vi dags
vi dags/
vi dags/chat_dags.py
vi dags/line_notify.py
vi dags/movielist.py
vi dags/movies_dynamic_json.py
vi data.json
vi docker-compose.yml
vi dynamic_flat.py
vi first.sh
vi foo.parquet
vi haha_history
vi hahahellooo.log
vi hello.py
vi helloworld.py
vi history.parquet
vi history_
vi history_2407111725.log
vi im import_db.py
vi import_db.py
vi index.html
vi index.txt
vi kafka-server.properties
vi line_notify.py
vi make
vi make_parquet.py
vi makedone.sh
vi mieun.py
vi mijoon_cmd/README.md
vi movie_join_df.py
vi movielist.py
vi movies_dynamic_json.py
vi movlist_data.py
vi my.cnf
vi my_history
vi name.py
vi parquet.py
vi parquet.sh
vi parquet_history
vi partition_parquet
vi pasing_parquet.py
vi pdm.lock
vi posh.html
vi prac_pd.ipynb
vi produce_abcdefg.sh
vi py/pasing_parquet.py
vi py/select_parquet.py
vi pypro
vi pyproject.toml
vi pyproject.tpml
vi resolv.conf
vi rootdir.sh
vi rrrrr.sh
vi sample.py
vi savehistory
vi savehistory~
vi select_parquet.py
vi server.log.2024-08-26-08
vi server.log.2024-08-26-10
vi sh.sh
vi sidden.sh
vi sim
vi simple_bash.py
vi simpleapp.py
vi sleeptimer.sh
vi sql
vi src/banner_hahahellooo
vi src/banner_hahahellooo/banner.py
vi src/chat/app.py
vi src/chat/app2.py
vi src/chat/app2.py 
vi src/chat/de_app.py
vi src/chat/de_app2.py
vi src/chat/de_app2.py 
vi src/chat/mj_app.py
vi src/chat/name.py
vi src/chat/search.py
vi src/chat/test_app.py
vi src/chat/word_stats.py
vi src/dd/dd_plus.py
vi src/haha_args_history/__pycache__/
vi src/haha_args_history/cli.py
vi src/haha_history
vi src/haha_history/cli.py
vi src/hahahellooo_cmd
vi src/hahahellooo_cmd/cmd.py
vi src/hahahellooo_lotto
vi src/hahahellooo_lotto/draw.py
vi src/hi_hahahellooo
vi src/hi_hahahellooo/hello.py
vi src/kchat/cli.py
vi src/kchat/kafka
vi src/kchat/kafka/cs.py
vi src/kchat/kafka/cschat.py
vi src/kchat/kafka/multichat.py
vi src/kchat/kafka/pd.py
vi src/kchat/kafka/pdchat.py
vi src/mieun/mieun.py
vi src/mieun_cmd/mieun.cmd
vi src/mieun_cmd/mieun_cmd.py
vi src/mieun_mul/mieun_mul.py
vi src/mijoon_cmd/cmd.py
vi src/my_history/cli.py
vi src/parquet_history/cli.py
vi src/spark_flow/movies_dynamic_json_m.py
vi src/sss/sss.py
vi src/t_plus/t_plus.py
vi src/team_plus/team_plus.py
vi sre/dd/dd_plus.py
vi ssh.sh
vi sudden.csv
vi sudden.sh
vi sudden.sh 
vi sv.sh
vi t_plus.py
vi team_plu
vi team_plus
vi team_plus.py
vi temp2base.sql
vi tests/test.py
vi tests/test_cli.py
vi tmp,sh
vi tmp.sh
vi tmp2base.sh
vi tmp2base.sql
vi tmp2mysql.sh
vi variables.json
vi ~./zshrc
vi ~/.gitconfig
vi ~/.oh-my-zsh/themes/agnoster.zsh-theme
vi ~/.scr
vi ~/.src
vi ~/.ssh/config
vi ~/.viminfo
vi ~/.vimrc
vi ~/.zshrc
vi ~/airflow/dags/simple_bash.py
vi ~/data/csv/20240710/csv.csv
vi ~/mijoon.py
vi ~/zshrc
vi. pyproject.toml
vi. savehistory
vi. zshrc
view .git
view .gitignore
view .zshrc
view /home/hahahellooo/data/movies_page/year=2015/data.json
view MACLAREN.html
view README.md
view ROYCE.html
view chat_mam.parquet
view count.log
view csv.csv
view cut.log
view dag_processor_manager.log
view data.json
view hahahellooo.github.io
view history_20240712163554.log
view part-00000-18794050-7ba3-4c80-8c4d-639ce047d4a3-c000.snappy.parquet
view part-00000-751a4c55-d7a7-4cf0-a602-55f298443ec9-c000.snappy.parquet
view sort.log
view team_chat.csv
view year=2015
view ~/.gitconfig
vim ~/.oh-my-zsh/themes/agnoster.zsh-theme
vimtutor ko
vis src/chat/app.py
vit commit -m "deco chat program"
vu check.sh
vvi src/hahahellooo_cmd/cmd.py
wc -l cut.log
wget https://archive.apache.org/dist/kafka/2.4.1/kafka_2.12-2.4.1.tgz
wget https://dlcdn.apache.org/kafka/3.8.0/kafka_2.13-3.8.0.tgz
which airflow
which pytest
~
~///app/savehistory/sv.sh
~//app/savehistory/sv.sh
~/Documents/textFile
~/app
~/app/savehistory/sv.sh
~/err.log.gz .
